<?xml version="1.0" encoding="UTF-8"?>
<!-- Generated by org.testng.reporters.JUnitReportReporter -->
<testsuite hostname="LAPTOP-C8BVRLUE" failures="0" tests="1" name="cucumberRunnerPackage.RunnerClass" time="20.494" errors="0" timestamp="18 Feb 2024 17:22:41 GMT" skipped="0">
  <testcase classname="cucumberRunnerPackage.RunnerClass" name="runScenario" time="20.494"/>
</testsuite> <!-- cucumberRunnerPackage.RunnerClass -->
