<?xml version="1.0" encoding="UTF-8"?>
<!-- Generated by org.testng.reporters.JUnitReportReporter -->
<testsuite hostname="DESKTOP-I588ITP" failures="0" tests="2" name="automationAnywherePackage.TestngComprehensive5" time="29.494" errors="0" timestamp="2024-02-04T21:33:56 IST" skipped="0">
  <testcase classname="automationAnywherePackage.TestngComprehensive5" name="comprehensive3" time="8.409"/>
  <system-out/>
  <testcase classname="automationAnywherePackage.TestngComprehensive5" name="comprehensive4" time="21.085"/>
  <system-out/>
</testsuite> <!-- automationAnywherePackage.TestngComprehensive5 -->
