<?xml version="1.0" encoding="UTF-8"?>
<!-- Generated by org.testng.reporters.JUnitReportReporter -->
<testsuite hostname="DESKTOP-I588ITP" failures="0" tests="1" name="automationAnywherePackage.ReadAndWriteData" time="0.678" errors="0" timestamp="2024-02-04T21:35:32 IST" skipped="0">
  <testcase classname="automationAnywherePackage.ReadAndWriteData" name="displayExcelDataRowWise" time="0.678"/>
  <system-out/>
</testsuite> <!-- automationAnywherePackage.ReadAndWriteData -->
