<?xml version="1.0" encoding="UTF-8"?>
<!-- Generated by org.testng.reporters.JUnitReportReporter -->
<testsuite hostname="DESKTOP-I588ITP" failures="0" tests="2" name="automationAnywherePackage.TestngComprehensive5" time="46.322" errors="0" timestamp="2024-02-04T21:35:32 IST" skipped="0">
  <testcase classname="automationAnywherePackage.TestngComprehensive5" name="comprehensive3" time="8.926"/>
  <system-out/>
  <testcase classname="automationAnywherePackage.TestngComprehensive5" name="comprehensive4" time="37.396"/>
  <system-out/>
</testsuite> <!-- automationAnywherePackage.TestngComprehensive5 -->
