<?xml version="1.0" encoding="UTF-8"?>
<!-- Generated by org.testng.reporters.JUnitReportReporter -->
<testsuite hostname="DESKTOP-I588ITP" failures="0" tests="2" name="reqresPackage.ReqresAPI_Tests" time="2.922" errors="0" timestamp="2024-01-09T20:25:31 IST" skipped="0">
  <testcase classname="reqresPackage.ReqresAPI_Tests" name="positiveCase" time="2.163"/>
  <system-out/>
  <testcase classname="reqresPackage.ReqresAPI_Tests" name="negativeCase" time="0.759"/>
  <system-out/>
</testsuite> <!-- reqresPackage.ReqresAPI_Tests -->
