<?xml version="1.0" encoding="UTF-8"?>
<!-- Generated by org.testng.reporters.JUnitReportReporter -->
<testsuite hostname="DESKTOP-I588ITP" failures="0" tests="3" name="restAssuredPackage.API_Tests" time="3.762" errors="0" timestamp="2024-02-18T16:38:52 IST" skipped="0">
  <testcase classname="restAssuredPackage.API_Tests" name="germanyTest" time="1.968"/>
  <system-out/>
  <testcase classname="restAssuredPackage.API_Tests" name="alemaniaTest" time="0.884"/>
  <system-out/>
  <testcase classname="restAssuredPackage.API_Tests" name="saksamaaTest" time="0.910"/>
  <system-out/>
</testsuite> <!-- restAssuredPackage.API_Tests -->
