<?xml version="1.0" encoding="UTF-8"?>
<!-- Generated by org.testng.reporters.JUnitReportReporter -->
<testsuite hostname="DESKTOP-I588ITP" failures="0" tests="3" name="restAssuredPackage.ReqresAPI_Tests" time="3.876" errors="0" timestamp="2024-02-18T16:35:38 IST" skipped="0">
  <testcase classname="restAssuredPackage.ReqresAPI_Tests" name="germanyTest" time="1.994"/>
  <system-out/>
  <testcase classname="restAssuredPackage.ReqresAPI_Tests" name="alemaniaTest" time="0.969"/>
  <system-out/>
  <testcase classname="restAssuredPackage.ReqresAPI_Tests" name="saksamaaTest" time="0.913"/>
  <system-out/>
</testsuite> <!-- restAssuredPackage.ReqresAPI_Tests -->
