<?xml version="1.0" encoding="UTF-8"?>
<!-- Generated by org.testng.reporters.JUnitReportReporter -->
<testsuite hostname="LAPTOP-C8BVRLUE" failures="0" tests="3" name="comprehensivePackage.ComprehensiveQuestion5" time="17.133" errors="0" timestamp="2024-01-14T23:45:01 IST" skipped="0">
  <testcase classname="comprehensivePackage.ComprehensiveQuestion5" name="navigateToUrl" time="1.728"/>
  <system-out/>
  <testcase classname="comprehensivePackage.ComprehensiveQuestion5" name="verifyProcessDiscoveryTabUrl" time="9.420"/>
  <system-out/>
  <testcase classname="comprehensivePackage.ComprehensiveQuestion5" name="verifyRequestLiveDemoTabUrl" time="5.985"/>
  <system-out/>
</testsuite> <!-- comprehensivePackage.ComprehensiveQuestion5 -->
