<?xml version="1.0" encoding="UTF-8"?>
<!-- Generated by org.testng.reporters.JUnitReportReporter -->
<testsuite hostname="LAPTOP-C8BVRLUE" failures="0" tests="3" name="comprehensivePackage.ComprehensiveTests" time="19.707" errors="0" timestamp="2024-01-14T23:33:01 IST" skipped="0">
  <testcase classname="comprehensivePackage.ComprehensiveTests" name="navigateToUrl" time="1.432"/>
  <system-out/>
  <testcase classname="comprehensivePackage.ComprehensiveTests" name="verifyProcessDiscoveryTabUrl" time="9.883"/>
  <system-out/>
  <testcase classname="comprehensivePackage.ComprehensiveTests" name="verifyRequestLiveDemoTabUrl" time="8.392"/>
  <system-out/>
</testsuite> <!-- comprehensivePackage.ComprehensiveTests -->
