<?xml version="1.0" encoding="UTF-8"?>
<!-- Generated by org.testng.reporters.JUnitReportReporter -->
<testsuite hostname="LAPTOP-C8BVRLUE" failures="0" tests="3" name="restAssuredPackage.API_Tests" time="3.534" errors="0" timestamp="2024-02-18T22:42:36 IST" skipped="0">
  <testcase classname="restAssuredPackage.API_Tests" name="germanyTest" time="2.108"/>
  <system-out/>
  <testcase classname="restAssuredPackage.API_Tests" name="alemaniaTest" time="0.730"/>
  <system-out/>
  <testcase classname="restAssuredPackage.API_Tests" name="saksamaaTest" time="0.696"/>
  <system-out/>
</testsuite> <!-- restAssuredPackage.API_Tests -->
