<?xml version="1.0" encoding="UTF-8"?>
<!-- Generated by org.testng.reporters.JUnitReportReporter -->
<testsuite hostname="LAPTOP-C8BVRLUE" failures="0" tests="2" name="restCountriesPackage.API_Tests" time="3.847" errors="0" timestamp="2024-01-14T23:52:29 IST" skipped="0">
  <testcase classname="restCountriesPackage.API_Tests" name="positiveCase" time="3.164"/>
  <system-out/>
  <testcase classname="restCountriesPackage.API_Tests" name="negativeCase" time="0.683"/>
  <system-out/>
</testsuite> <!-- restCountriesPackage.API_Tests -->
