<?xml version="1.0" encoding="UTF-8"?>
<!-- Generated by org.testng.reporters.JUnitReportReporter -->
<testsuite hostname="LAPTOP-C8BVRLUE" failures="0" tests="3" name="comprehensivePackage.ComprehensiveTests" time="27.612" errors="0" timestamp="2024-01-14T23:43:08 IST" skipped="0">
  <testcase classname="comprehensivePackage.ComprehensiveTests" name="navigateToUrl" time="2.161"/>
  <system-out/>
  <testcase classname="comprehensivePackage.ComprehensiveTests" name="verifyProcessDiscoveryTabUrl" time="18.251"/>
  <system-out/>
  <testcase classname="comprehensivePackage.ComprehensiveTests" name="verifyRequestLiveDemoTabUrl" time="7.200"/>
  <system-out/>
</testsuite> <!-- comprehensivePackage.ComprehensiveTests -->
